<?xml version="1.0" encoding="UTF-8"?>
<!-- Generated by org.testng.reporters.JUnitXMLReporter -->
<testsuite hostname="Ashwin-PC" failures="0" tests="2" name="Error Validation" time="138.127" errors="0" timestamp="3 Jul 2024 05:33:58 GMT">
  <testcase classname="AshwinKallingal.SeleniumFramework.TestCases.StandAloneTest" name="Demo1" time="18.01"/>
  <testcase classname="AshwinKallingal.SeleniumFramework.TestCases.StandAloneTest" name="submitOrder" time="14.279"/>
</testsuite> <!-- Error Validation -->
