<?xml version="1.0" encoding="UTF-8"?>
<testng-results total="1" passed="1" failed="0" skipped="0">
  <reporter-output>
  </reporter-output>
  <suite started-at="2024-07-03T05:51:55Z" name="Surefire suite" finished-at="2024-07-03T05:52:32Z" duration-ms="36677">
    <groups>
      <group name="cucumber">
        <method signature="AbstractTestNGCucumberTests.runScenario(io.cucumber.testng.PickleWrapper, io.cucumber.testng.FeatureWrapper)[pri:0, instance:cucumber.TestNGTestRunner@6ee12bac]" name="runScenario" class="io.cucumber.testng.AbstractTestNGCucumberTests"/>
      </group> <!-- cucumber -->
    </groups>
    <test started-at="2024-07-03T05:51:55Z" name="Surefire test" finished-at="2024-07-03T05:52:32Z" duration-ms="36677">
      <class name="cucumber.TestNGTestRunner">
        <test-method is-config="true" signature="setUpClass(org.testng.ITestContext)[pri:0, instance:cucumber.TestNGTestRunner@6ee12bac]" started-at="2024-07-03T11:21:55Z" name="setUpClass" finished-at="2024-07-03T11:21:56Z" duration-ms="1286" status="PASS">
          <params>
            <param index="0">
              <value>
                <![CDATA[org.testng.TestRunner@3f4b840d]]>
              </value>
            </param>
          </params>
          <reporter-output>
          </reporter-output>
        </test-method> <!-- setUpClass -->
        <test-method signature="runScenario(io.cucumber.testng.PickleWrapper, io.cucumber.testng.FeatureWrapper)[pri:0, instance:cucumber.TestNGTestRunner@6ee12bac]" started-at="2024-07-03T11:21:56Z" name="runScenario" description="Runs Cucumber Scenarios" data-provider="scenarios" finished-at="2024-07-03T11:22:32Z" duration-ms="35347" status="PASS">
          <params>
            <param index="0">
              <value>
                <![CDATA["Purchase Zara Coat 3 Jacket from Ecommerce Site"]]>
              </value>
            </param>
            <param index="1">
              <value>
                <![CDATA["Verify the Error Message Validation for ECommerce Login Page."]]>
              </value>
            </param>
          </params>
          <reporter-output>
          </reporter-output>
        </test-method> <!-- runScenario -->
        <test-method is-config="true" signature="tearDownClass()[pri:0, instance:cucumber.TestNGTestRunner@6ee12bac]" started-at="2024-07-03T11:22:32Z" name="tearDownClass" finished-at="2024-07-03T11:22:32Z" duration-ms="29" status="PASS">
          <reporter-output>
          </reporter-output>
        </test-method> <!-- tearDownClass -->
      </class> <!-- cucumber.TestNGTestRunner -->
    </test> <!-- Surefire test -->
  </suite> <!-- Surefire suite -->
</testng-results>
