<?xml version="1.0" encoding="UTF-8"?>
<testng-results total="1" passed="1" failed="0" skipped="0">
  <reporter-output>
  </reporter-output>
  <suite started-at="2024-07-03T05:37:03Z" name="Default suite" finished-at="2024-07-03T05:37:32Z" duration-ms="28172">
    <groups>
      <group name="cucumber">
        <method signature="AbstractTestNGCucumberTests.runScenario(io.cucumber.testng.PickleWrapper, io.cucumber.testng.FeatureWrapper)[pri:0, instance:cucumber.TestNGTestRunner@34b9f960]" name="runScenario" class="io.cucumber.testng.AbstractTestNGCucumberTests"/>
      </group> <!-- cucumber -->
    </groups>
    <test started-at="2024-07-03T05:37:03Z" name="Default test" finished-at="2024-07-03T05:37:32Z" duration-ms="28172">
      <class name="cucumber.TestNGTestRunner">
        <test-method is-config="true" signature="setUpClass(org.testng.ITestContext)[pri:0, instance:cucumber.TestNGTestRunner@34b9f960]" started-at="2024-07-03T11:07:03Z" name="setUpClass" finished-at="2024-07-03T11:07:04Z" duration-ms="722" status="PASS">
          <params>
            <param index="0">
              <value>
                <![CDATA[org.testng.TestRunner@4edef76c]]>
              </value>
            </param>
          </params>
          <reporter-output>
          </reporter-output>
        </test-method> <!-- setUpClass -->
        <test-method signature="runScenario(io.cucumber.testng.PickleWrapper, io.cucumber.testng.FeatureWrapper)[pri:0, instance:cucumber.TestNGTestRunner@34b9f960]" started-at="2024-07-03T11:07:04Z" name="runScenario" description="Runs Cucumber Scenarios" data-provider="scenarios" finished-at="2024-07-03T11:07:31Z" duration-ms="27400" status="PASS">
          <params>
            <param index="0">
              <value>
                <![CDATA["Purchase Zara Coat 3 Jacket from Ecommerce Site"]]>
              </value>
            </param>
            <param index="1">
              <value>
                <![CDATA["Verify the Error Message Validation for ECommerce Login Page."]]>
              </value>
            </param>
          </params>
          <reporter-output>
          </reporter-output>
        </test-method> <!-- runScenario -->
        <test-method is-config="true" signature="tearDownClass()[pri:0, instance:cucumber.TestNGTestRunner@34b9f960]" started-at="2024-07-03T11:07:32Z" name="tearDownClass" finished-at="2024-07-03T11:07:32Z" duration-ms="29" status="PASS">
          <reporter-output>
          </reporter-output>
        </test-method> <!-- tearDownClass -->
      </class> <!-- cucumber.TestNGTestRunner -->
    </test> <!-- Default test -->
  </suite> <!-- Default suite -->
</testng-results>
